{
  "RSpec": {
    "coverage": {
      "/home/luiz/HW4/app/helpers/application_helper.rb": [
        1,
        null
      ],
      "/home/luiz/HW4/app/controllers/movies_controller.rb": [
        null,
        1,
        null,
        1,
        0,
        null,
        0,
        null,
        0,
        0,
        0,
        0,
        0,
        null,
        null,
        0,
        null,
        null,
        0,
        null,
        0,
        0,
        null,
        null,
        null,
        1,
        0,
        0,
        0,
        null,
        null,
        1,
        0,
        0,
        null,
        null,
        1,
        0,
        null,
        null,
        1,
        null,
        0,
        0,
        0,
        null,
        null,
        1,
        0,
        null,
        null,
        1,
        0,
        0,
        null,
        null,
        null,
        1,
        0,
        null,
        0,
        0,
        0,
        null,
        null,
        1,
        0,
        0,
        0,
        0,
        null,
        null,
        1,
        2,
        2,
        null,
        null,
        null
      ],
      "/home/luiz/HW4/app/controllers/application_controller.rb": [
        1,
        1,
        null
      ],
      "/home/luiz/HW4/app/models/movie.rb": [
        1,
        null,
        1,
        null,
        null,
        1,
        0,
        null,
        null,
        1,
        2,
        null,
        null,
        null,
        null,
        null,
        null,
        null,
        null,
        null,
        null,
        null,
        null,
        null,
        null,
        null,
        null,
        null,
        null,
        null,
        null,
        null,
        null,
        null,
        null,
        null,
        null
      ],
      "/home/luiz/HW4/app/channels/application_cable/connection.rb": [
        0,
        0,
        0,
        0
      ],
      "/home/luiz/HW4/app/channels/application_cable/channel.rb": [
        0,
        0,
        0,
        0
      ],
      "/home/luiz/HW4/app/jobs/application_job.rb": [
        0,
        0
      ],
      "/home/luiz/HW4/app/mailers/application_mailer.rb": [
        0,
        0,
        0,
        0
      ],
      "/home/luiz/HW4/app/models/application_record.rb": [
        0,
        0,
        0
      ],
      "/home/luiz/HW4/app/models/activerecord1.rb": [
        null,
        null,
        0,
        null,
        0,
        0,
        null,
        0,
        0,
        null,
        0,
        0,
        0,
        0,
        null,
        0,
        0,
        0,
        null,
        0,
        null,
        0,
        0,
        0,
        0,
        null,
        0,
        0,
        null,
        0,
        0,
        0,
        0
      ]
    },
    "timestamp": 1542294959
  },
  "Cucumber Features": {
    "coverage": {
      "/home/luiz/HW4/app/controllers/movies_controller.rb": [
        null,
        1,
        null,
        1,
        20,
        null,
        20,
        null,
        20,
        6,
        6,
        6,
        6,
        null,
        null,
        20,
        null,
        null,
        20,
        null,
        20,
        20,
        null,
        null,
        null,
        1,
        20,
        20,
        20,
        null,
        null,
        1,
        4,
        4,
        null,
        null,
        1,
        1,
        null,
        null,
        1,
        null,
        1,
        1,
        1,
        null,
        null,
        1,
        2,
        null,
        null,
        1,
        1,
        1,
        null,
        null,
        null,
        1,
        1,
        null,
        1,
        1,
        1,
        null,
        null,
        1,
        0,
        0,
        0,
        0,
        null,
        null,
        1,
        2,
        2,
        null,
        null,
        null
      ],
      "/home/luiz/HW4/app/controllers/application_controller.rb": [
        1,
        1,
        null
      ],
      "/home/luiz/HW4/app/helpers/application_helper.rb": [
        1,
        null
      ],
      "/home/luiz/HW4/app/models/movie.rb": [
        1,
        null,
        1,
        null,
        null,
        1,
        22,
        null,
        null,
        1,
        2,
        null,
        null,
        null,
        null,
        null,
        null,
        null,
        null,
        null,
        null,
        null,
        null,
        null,
        null,
        null,
        null,
        null,
        null,
        null,
        null,
        null,
        null,
        null,
        null,
        null,
        null
      ],
      "/home/luiz/HW4/app/channels/application_cable/connection.rb": [
        0,
        0,
        0,
        0
      ],
      "/home/luiz/HW4/app/channels/application_cable/channel.rb": [
        0,
        0,
        0,
        0
      ],
      "/home/luiz/HW4/app/jobs/application_job.rb": [
        0,
        0
      ],
      "/home/luiz/HW4/app/mailers/application_mailer.rb": [
        0,
        0,
        0,
        0
      ],
      "/home/luiz/HW4/app/models/application_record.rb": [
        0,
        0,
        0
      ],
      "/home/luiz/HW4/app/models/activerecord1.rb": [
        null,
        null,
        0,
        null,
        0,
        0,
        null,
        0,
        0,
        null,
        0,
        0,
        0,
        0,
        null,
        0,
        0,
        0,
        null,
        0,
        null,
        0,
        0,
        0,
        0,
        null,
        0,
        0,
        null,
        0,
        0,
        0,
        0
      ]
    },
    "timestamp": 1542294968
  }
}
